Namespace(root_path='trainset/train_npz_new_224/', output='./output', dataset='Synapse', list_dir='./lists/lists_Synapse', split='train', num_classes=8, max_iterations=30000, max_epochs=3, stop_epoch=3, batch_size=8, n_gpu=2, deterministic=1, base_lr=0.0026, img_size=224, seed=2345, vit_name='vit_l', ckpt='checkpoints/sam_vit_l_0b3195.pth', lora_ckpt=None, rank=5, warmup=True, warmup_period=250, AdamW=True, module='sam_lora_image_encoder', dice_param=0.9, is_pretrain=True, exp='Synapse_224')
The length of train set is: 2211
model_grad_params:12827204 
model_total_params:317060676
139 iterations per epoch. 417 max iterations 
iteration 1 : loss : 1.893662, loss_ce1: 22.531151, loss_dice1: 0.974865, loss_ce2: 2.295786, loss_dice2: 0.932810
iteration 2 : loss : 1.748262, loss_ce1: 19.149918, loss_dice1: 0.961605, loss_ce2: 2.277085, loss_dice2: 0.924929
iteration 3 : loss : 1.658622, loss_ce1: 16.606838, loss_dice1: 0.978474, loss_ce2: 2.269430, loss_dice2: 0.936911
iteration 4 : loss : 1.452060, loss_ce1: 11.801835, loss_dice1: 0.959972, loss_ce2: 2.242562, loss_dice2: 0.925636
iteration 5 : loss : 1.304047, loss_ce1: 8.184634, loss_dice1: 0.963170, loss_ce2: 2.215254, loss_dice2: 0.920380
iteration 6 : loss : 1.118880, loss_ce1: 3.855850, loss_dice1: 0.940636, loss_ce2: 2.184539, loss_dice2: 0.916565
iteration 7 : loss : 1.066303, loss_ce1: 2.518826, loss_dice1: 0.924460, loss_ce2: 2.152128, loss_dice2: 0.932624
iteration 8 : loss : 1.049952, loss_ce1: 2.473328, loss_dice1: 0.897133, loss_ce2: 2.116493, loss_dice2: 0.927891
iteration 9 : loss : 1.031459, loss_ce1: 2.191288, loss_dice1: 0.915508, loss_ce2: 2.082633, loss_dice2: 0.906049
iteration 10 : loss : 0.993941, loss_ce1: 1.475375, loss_dice1: 0.889360, loss_ce2: 2.033770, loss_dice2: 0.912464
iteration 11 : loss : 0.999785, loss_ce1: 1.461701, loss_dice1: 0.905270, loss_ce2: 1.993553, loss_dice2: 0.918159
iteration 12 : loss : 0.977994, loss_ce1: 0.921186, loss_dice1: 0.901716, loss_ce2: 1.929329, loss_dice2: 0.927350
iteration 13 : loss : 0.951396, loss_ce1: 0.802216, loss_dice1: 0.883501, loss_ce2: 1.877920, loss_dice2: 0.904763
iteration 14 : loss : 0.944552, loss_ce1: 0.852432, loss_dice1: 0.879582, loss_ce2: 1.833072, loss_dice2: 0.895964
iteration 15 : loss : 0.936258, loss_ce1: 0.643435, loss_dice1: 0.883741, loss_ce2: 1.734081, loss_dice2: 0.904313
iteration 16 : loss : 0.921666, loss_ce1: 0.329311, loss_dice1: 0.879365, loss_ce2: 1.617030, loss_dice2: 0.916482
iteration 17 : loss : 0.916109, loss_ce1: 0.556912, loss_dice1: 0.880803, loss_ce2: 1.543645, loss_dice2: 0.896528
iteration 18 : loss : 0.896828, loss_ce1: 0.588229, loss_dice1: 0.882633, loss_ce2: 1.441859, loss_dice2: 0.868592
iteration 19 : loss : 0.882644, loss_ce1: 0.553571, loss_dice1: 0.877751, loss_ce2: 1.311768, loss_dice2: 0.862602
iteration 20 : loss : 0.877504, loss_ce1: 0.555036, loss_dice1: 0.877098, loss_ce2: 1.168072, loss_dice2: 0.869376
iteration 21 : loss : 0.856674, loss_ce1: 0.268605, loss_dice1: 0.869741, loss_ce2: 0.922863, loss_dice2: 0.884170
iteration 22 : loss : 0.838981, loss_ce1: 0.338370, loss_dice1: 0.866613, loss_ce2: 0.771240, loss_dice2: 0.865168
iteration 23 : loss : 0.825294, loss_ce1: 0.534906, loss_dice1: 0.846553, loss_ce2: 0.721166, loss_dice2: 0.844201
iteration 24 : loss : 0.811953, loss_ce1: 0.409860, loss_dice1: 0.850576, loss_ce2: 0.459263, loss_dice2: 0.855176
iteration 25 : loss : 0.806893, loss_ce1: 0.416458, loss_dice1: 0.845570, loss_ce2: 0.369113, loss_dice2: 0.858672
iteration 26 : loss : 0.817521, loss_ce1: 0.462884, loss_dice1: 0.849328, loss_ce2: 0.413441, loss_dice2: 0.867483
iteration 27 : loss : 0.819809, loss_ce1: 0.391400, loss_dice1: 0.858887, loss_ce2: 0.373168, loss_dice2: 0.875118
iteration 28 : loss : 0.809346, loss_ce1: 0.277804, loss_dice1: 0.857551, loss_ce2: 0.258077, loss_dice2: 0.877835
iteration 29 : loss : 0.819734, loss_ce1: 0.390113, loss_dice1: 0.848039, loss_ce2: 0.380535, loss_dice2: 0.881487
iteration 30 : loss : 0.816143, loss_ce1: 0.384636, loss_dice1: 0.848689, loss_ce2: 0.325723, loss_dice2: 0.880900
iteration 31 : loss : 0.812921, loss_ce1: 0.452067, loss_dice1: 0.831352, loss_ce2: 0.354231, loss_dice2: 0.878329
iteration 32 : loss : 0.811118, loss_ce1: 0.407546, loss_dice1: 0.859585, loss_ce2: 0.201369, loss_dice2: 0.876451
iteration 33 : loss : 0.794070, loss_ce1: 0.298801, loss_dice1: 0.831822, loss_ce2: 0.257840, loss_dice2: 0.865170
iteration 34 : loss : 0.805223, loss_ce1: 0.317578, loss_dice1: 0.850477, loss_ce2: 0.360169, loss_dice2: 0.860626
iteration 35 : loss : 0.798913, loss_ce1: 0.240554, loss_dice1: 0.848455, loss_ce2: 0.321901, loss_dice2: 0.860246
iteration 36 : loss : 0.804075, loss_ce1: 0.327424, loss_dice1: 0.837118, loss_ce2: 0.396064, loss_dice2: 0.862689
iteration 37 : loss : 0.812689, loss_ce1: 0.435217, loss_dice1: 0.839269, loss_ce2: 0.499898, loss_dice2: 0.857685
iteration 38 : loss : 0.798191, loss_ce1: 0.432495, loss_dice1: 0.814632, loss_ce2: 0.487267, loss_dice2: 0.848865
iteration 39 : loss : 0.805093, loss_ce1: 0.564898, loss_dice1: 0.815919, loss_ce2: 0.531514, loss_dice2: 0.846065
iteration 40 : loss : 0.805408, loss_ce1: 0.506401, loss_dice1: 0.819279, loss_ce2: 0.446290, loss_dice2: 0.858211
iteration 41 : loss : 0.805620, loss_ce1: 0.493030, loss_dice1: 0.806418, loss_ce2: 0.513582, loss_dice2: 0.860691
iteration 42 : loss : 0.780741, loss_ce1: 0.291337, loss_dice1: 0.795274, loss_ce2: 0.307404, loss_dice2: 0.859898
iteration 43 : loss : 0.789956, loss_ce1: 0.311549, loss_dice1: 0.810828, loss_ce2: 0.375749, loss_dice2: 0.857502
iteration 44 : loss : 0.784365, loss_ce1: 0.257311, loss_dice1: 0.811988, loss_ce2: 0.334599, loss_dice2: 0.854964
iteration 45 : loss : 0.787064, loss_ce1: 0.368872, loss_dice1: 0.788263, loss_ce2: 0.426826, loss_dice2: 0.857267
iteration 46 : loss : 0.773203, loss_ce1: 0.292751, loss_dice1: 0.777752, loss_ce2: 0.314050, loss_dice2: 0.856776
iteration 47 : loss : 0.781754, loss_ce1: 0.333234, loss_dice1: 0.782668, loss_ce2: 0.385280, loss_dice2: 0.858420
iteration 48 : loss : 0.785115, loss_ce1: 0.288153, loss_dice1: 0.811541, loss_ce2: 0.269242, loss_dice2: 0.861629
iteration 49 : loss : 0.771679, loss_ce1: 0.303663, loss_dice1: 0.762045, loss_ce2: 0.359666, loss_dice2: 0.858549
iteration 50 : loss : 0.773053, loss_ce1: 0.331049, loss_dice1: 0.772173, loss_ce2: 0.357769, loss_dice2: 0.852524
iteration 51 : loss : 0.773690, loss_ce1: 0.335590, loss_dice1: 0.771496, loss_ce2: 0.431118, loss_dice2: 0.845669
iteration 52 : loss : 0.784480, loss_ce1: 0.403228, loss_dice1: 0.798031, loss_ce2: 0.363306, loss_dice2: 0.850485
iteration 53 : loss : 0.756778, loss_ce1: 0.307456, loss_dice1: 0.722060, loss_ce2: 0.398725, loss_dice2: 0.852990
iteration 54 : loss : 0.722392, loss_ce1: 0.147298, loss_dice1: 0.675695, loss_ce2: 0.207998, loss_dice2: 0.853277
iteration 55 : loss : 0.795890, loss_ce1: 0.470885, loss_dice1: 0.800536, loss_ce2: 0.408314, loss_dice2: 0.859930
iteration 56 : loss : 0.769848, loss_ce1: 0.440699, loss_dice1: 0.780232, loss_ce2: 0.348382, loss_dice2: 0.834137
iteration 57 : loss : 0.739520, loss_ce1: 0.247388, loss_dice1: 0.718361, loss_ce2: 0.368132, loss_dice2: 0.831346
iteration 58 : loss : 0.732072, loss_ce1: 0.197620, loss_dice1: 0.719308, loss_ce2: 0.312084, loss_dice2: 0.826835
iteration 59 : loss : 0.740816, loss_ce1: 0.223536, loss_dice1: 0.735099, loss_ce2: 0.331177, loss_dice2: 0.828459
iteration 60 : loss : 0.750301, loss_ce1: 0.276542, loss_dice1: 0.748347, loss_ce2: 0.307484, loss_dice2: 0.835899
iteration 61 : loss : 0.729638, loss_ce1: 0.412279, loss_dice1: 0.689108, loss_ce2: 0.422621, loss_dice2: 0.814279
iteration 62 : loss : 0.701554, loss_ce1: 0.354510, loss_dice1: 0.650827, loss_ce2: 0.363975, loss_dice2: 0.798588
iteration 63 : loss : 0.718010, loss_ce1: 0.231431, loss_dice1: 0.701034, loss_ce2: 0.270205, loss_dice2: 0.815127
iteration 64 : loss : 0.681888, loss_ce1: 0.137543, loss_dice1: 0.664049, loss_ce2: 0.190525, loss_dice2: 0.788699
iteration 65 : loss : 0.739831, loss_ce1: 0.452727, loss_dice1: 0.705925, loss_ce2: 0.465147, loss_dice2: 0.814222
iteration 66 : loss : 0.712525, loss_ce1: 0.567498, loss_dice1: 0.623427, loss_ce2: 0.625975, loss_dice2: 0.792284
iteration 67 : loss : 0.770081, loss_ce1: 0.542084, loss_dice1: 0.750901, loss_ce2: 0.427809, loss_dice2: 0.837787
iteration 68 : loss : 0.804945, loss_ce1: 0.507679, loss_dice1: 0.799183, loss_ce2: 0.533787, loss_dice2: 0.860935
iteration 69 : loss : 0.720870, loss_ce1: 0.181701, loss_dice1: 0.676848, loss_ce2: 0.323797, loss_dice2: 0.834275
iteration 70 : loss : 0.742977, loss_ce1: 0.175254, loss_dice1: 0.764311, loss_ce2: 0.175512, loss_dice2: 0.833860
iteration 71 : loss : 0.656194, loss_ce1: 0.188426, loss_dice1: 0.592846, loss_ce2: 0.260782, loss_dice2: 0.777010
iteration 72 : loss : 0.708457, loss_ce1: 0.387185, loss_dice1: 0.631400, loss_ce2: 0.449988, loss_dice2: 0.812346
iteration 73 : loss : 0.707760, loss_ce1: 0.250127, loss_dice1: 0.665454, loss_ce2: 0.301222, loss_dice2: 0.815034
iteration 74 : loss : 0.680840, loss_ce1: 0.198541, loss_dice1: 0.626725, loss_ce2: 0.292467, loss_dice2: 0.795795
iteration 75 : loss : 0.732366, loss_ce1: 0.347539, loss_dice1: 0.704102, loss_ce2: 0.369117, loss_dice2: 0.820075
iteration 76 : loss : 0.701991, loss_ce1: 0.164752, loss_dice1: 0.679044, loss_ce2: 0.209029, loss_dice2: 0.811858
iteration 77 : loss : 0.660414, loss_ce1: 0.194527, loss_dice1: 0.590052, loss_ce2: 0.264500, loss_dice2: 0.785823
iteration 78 : loss : 0.654957, loss_ce1: 0.260474, loss_dice1: 0.572233, loss_ce2: 0.309092, loss_dice2: 0.777756
iteration 79 : loss : 0.696598, loss_ce1: 0.236312, loss_dice1: 0.661649, loss_ce2: 0.258672, loss_dice2: 0.802652
iteration 80 : loss : 0.664594, loss_ce1: 0.253320, loss_dice1: 0.586818, loss_ce2: 0.351066, loss_dice2: 0.781745
iteration 81 : loss : 0.655024, loss_ce1: 0.337567, loss_dice1: 0.558462, loss_ce2: 0.444425, loss_dice2: 0.766314
iteration 82 : loss : 0.671591, loss_ce1: 0.339943, loss_dice1: 0.614533, loss_ce2: 0.397193, loss_dice2: 0.764685
iteration 83 : loss : 0.669818, loss_ce1: 0.183495, loss_dice1: 0.626959, loss_ce2: 0.262642, loss_dice2: 0.779655
iteration 84 : loss : 0.621559, loss_ce1: 0.159714, loss_dice1: 0.537183, loss_ce2: 0.247179, loss_dice2: 0.753618
iteration 85 : loss : 0.645204, loss_ce1: 0.165575, loss_dice1: 0.565648, loss_ce2: 0.234228, loss_dice2: 0.779433
iteration 86 : loss : 0.662717, loss_ce1: 0.180004, loss_dice1: 0.617449, loss_ce2: 0.229928, loss_dice2: 0.776740
iteration 87 : loss : 0.617761, loss_ce1: 0.215631, loss_dice1: 0.502630, loss_ce2: 0.305813, loss_dice2: 0.758964
iteration 88 : loss : 0.628592, loss_ce1: 0.169228, loss_dice1: 0.564325, loss_ce2: 0.243285, loss_dice2: 0.748275
iteration 89 : loss : 0.624837, loss_ce1: 0.116745, loss_dice1: 0.577977, loss_ce2: 0.172110, loss_dice2: 0.744017
iteration 90 : loss : 0.679926, loss_ce1: 0.374560, loss_dice1: 0.649084, loss_ce2: 0.349141, loss_dice2: 0.759861
iteration 91 : loss : 0.729455, loss_ce1: 0.194951, loss_dice1: 0.745707, loss_ce2: 0.170971, loss_dice2: 0.820267
iteration 92 : loss : 0.715095, loss_ce1: 0.340134, loss_dice1: 0.730979, loss_ce2: 0.323491, loss_dice2: 0.775793
iteration 93 : loss : 0.725428, loss_ce1: 0.403353, loss_dice1: 0.665523, loss_ce2: 0.583391, loss_dice2: 0.805004
iteration 94 : loss : 0.665842, loss_ce1: 0.284201, loss_dice1: 0.585729, loss_ce2: 0.495206, loss_dice2: 0.766480
iteration 95 : loss : 0.657120, loss_ce1: 0.195857, loss_dice1: 0.633158, loss_ce2: 0.210309, loss_dice2: 0.756907
iteration 96 : loss : 0.656185, loss_ce1: 0.173541, loss_dice1: 0.593672, loss_ce2: 0.250185, loss_dice2: 0.778723
iteration 97 : loss : 0.715838, loss_ce1: 0.057092, loss_dice1: 0.706318, loss_ce2: 0.068635, loss_dice2: 0.842892
iteration 98 : loss : 0.662051, loss_ce1: 0.198434, loss_dice1: 0.573986, loss_ce2: 0.340530, loss_dice2: 0.790828
iteration 99 : loss : 0.646973, loss_ce1: 0.178469, loss_dice1: 0.590729, loss_ce2: 0.165714, loss_dice2: 0.772646
iteration 100 : loss : 0.664714, loss_ce1: 0.186477, loss_dice1: 0.675368, loss_ce2: 0.097018, loss_dice2: 0.756113
iteration 101 : loss : 0.653815, loss_ce1: 0.293586, loss_dice1: 0.652451, loss_ce2: 0.188776, loss_dice2: 0.733079
iteration 102 : loss : 0.634671, loss_ce1: 0.164811, loss_dice1: 0.608580, loss_ce2: 0.144582, loss_dice2: 0.741323
iteration 103 : loss : 0.586300, loss_ce1: 0.191656, loss_dice1: 0.448397, loss_ce2: 0.259670, loss_dice2: 0.743760
iteration 104 : loss : 0.572615, loss_ce1: 0.233637, loss_dice1: 0.451086, loss_ce2: 0.261407, loss_dice2: 0.713323
iteration 105 : loss : 0.585541, loss_ce1: 0.215401, loss_dice1: 0.524120, loss_ce2: 0.271765, loss_dice2: 0.688771
iteration 106 : loss : 0.625006, loss_ce1: 0.084524, loss_dice1: 0.641061, loss_ce2: 0.114074, loss_dice2: 0.711109
iteration 107 : loss : 0.657938, loss_ce1: 0.188855, loss_dice1: 0.644892, loss_ce2: 0.171203, loss_dice2: 0.755464
iteration 108 : loss : 0.660695, loss_ce1: 0.150815, loss_dice1: 0.660331, loss_ce2: 0.159567, loss_dice2: 0.754387
iteration 109 : loss : 0.603992, loss_ce1: 0.356098, loss_dice1: 0.519281, loss_ce2: 0.391194, loss_dice2: 0.702473
iteration 110 : loss : 0.527362, loss_ce1: 0.135731, loss_dice1: 0.478282, loss_ce2: 0.171567, loss_dice2: 0.628624
iteration 111 : loss : 0.686087, loss_ce1: 0.131544, loss_dice1: 0.730875, loss_ce2: 0.123717, loss_dice2: 0.759792
iteration 112 : loss : 0.640670, loss_ce1: 0.164363, loss_dice1: 0.644354, loss_ce2: 0.196476, loss_dice2: 0.722850
iteration 113 : loss : 0.552288, loss_ce1: 0.101064, loss_dice1: 0.515722, loss_ce2: 0.163698, loss_dice2: 0.653266
iteration 114 : loss : 0.585893, loss_ce1: 0.190082, loss_dice1: 0.566869, loss_ce2: 0.283424, loss_dice2: 0.661502
iteration 115 : loss : 0.561406, loss_ce1: 0.313014, loss_dice1: 0.547306, loss_ce2: 0.279932, loss_dice2: 0.620480
iteration 116 : loss : 0.585544, loss_ce1: 0.264400, loss_dice1: 0.576248, loss_ce2: 0.281420, loss_dice2: 0.649322
iteration 117 : loss : 0.539778, loss_ce1: 0.151068, loss_dice1: 0.522345, loss_ce2: 0.199872, loss_dice2: 0.617961
iteration 118 : loss : 0.556815, loss_ce1: 0.196942, loss_dice1: 0.511079, loss_ce2: 0.224256, loss_dice2: 0.650913
iteration 119 : loss : 0.580690, loss_ce1: 0.045082, loss_dice1: 0.507347, loss_ce2: 0.064743, loss_dice2: 0.726588
iteration 120 : loss : 0.503747, loss_ce1: 0.165721, loss_dice1: 0.414211, loss_ce2: 0.325896, loss_dice2: 0.608238
iteration 121 : loss : 0.523723, loss_ce1: 0.076087, loss_dice1: 0.507058, loss_ce2: 0.136536, loss_dice2: 0.611011
iteration 122 : loss : 0.564528, loss_ce1: 0.156372, loss_dice1: 0.544982, loss_ce2: 0.220486, loss_dice2: 0.646019
iteration 123 : loss : 0.549122, loss_ce1: 0.188659, loss_dice1: 0.508497, loss_ce2: 0.273188, loss_dice2: 0.633566
iteration 124 : loss : 0.633882, loss_ce1: 0.158055, loss_dice1: 0.628971, loss_ce2: 0.200352, loss_dice2: 0.720572
iteration 125 : loss : 0.515986, loss_ce1: 0.209931, loss_dice1: 0.473041, loss_ce2: 0.257649, loss_dice2: 0.595991
iteration 126 : loss : 0.556108, loss_ce1: 0.175698, loss_dice1: 0.527870, loss_ce2: 0.165142, loss_dice2: 0.646553
iteration 127 : loss : 0.621333, loss_ce1: 0.238658, loss_dice1: 0.620403, loss_ce2: 0.323263, loss_dice2: 0.683418
iteration 128 : loss : 0.509602, loss_ce1: 0.139563, loss_dice1: 0.496178, loss_ce2: 0.168236, loss_dice2: 0.583891
iteration 129 : loss : 0.592202, loss_ce1: 0.196763, loss_dice1: 0.609234, loss_ce2: 0.163898, loss_dice2: 0.657729
iteration 130 : loss : 0.640488, loss_ce1: 0.394515, loss_dice1: 0.619640, loss_ce2: 0.462650, loss_dice2: 0.692366
iteration 131 : loss : 0.660616, loss_ce1: 0.294806, loss_dice1: 0.671396, loss_ce2: 0.347873, loss_dice2: 0.715276
iteration 132 : loss : 0.614900, loss_ce1: 0.103825, loss_dice1: 0.672011, loss_ce2: 0.079449, loss_dice2: 0.674178
iteration 133 : loss : 0.602541, loss_ce1: 0.325625, loss_dice1: 0.571905, loss_ce2: 0.303162, loss_dice2: 0.676741
iteration 134 : loss : 0.671546, loss_ce1: 0.756625, loss_dice1: 0.643504, loss_ce2: 0.523076, loss_dice2: 0.700435
iteration 135 : loss : 0.619260, loss_ce1: 0.774139, loss_dice1: 0.543984, loss_ce2: 0.745399, loss_dice2: 0.643956
iteration 136 : loss : 0.545033, loss_ce1: 0.384995, loss_dice1: 0.521589, loss_ce2: 0.326301, loss_dice2: 0.596821
iteration 137 : loss : 0.533103, loss_ce1: 0.120549, loss_dice1: 0.483423, loss_ce2: 0.275170, loss_dice2: 0.625441
iteration 138 : loss : 0.510905, loss_ce1: 0.119972, loss_dice1: 0.467276, loss_ce2: 0.272010, loss_dice2: 0.595492
iteration 139 : loss : 0.540259, loss_ce1: 0.150292, loss_dice1: 0.571029, loss_ce2: 0.169793, loss_dice2: 0.589795
iteration 140 : loss : 0.625098, loss_ce1: 0.396655, loss_dice1: 0.648937, loss_ce2: 0.461336, loss_dice2: 0.644310
iteration 141 : loss : 0.457339, loss_ce1: 0.096588, loss_dice1: 0.436499, loss_ce2: 0.132674, loss_dice2: 0.533510
iteration 142 : loss : 0.421248, loss_ce1: 0.076512, loss_dice1: 0.376818, loss_ce2: 0.121025, loss_dice2: 0.509060
iteration 143 : loss : 0.505919, loss_ce1: 0.141870, loss_dice1: 0.505252, loss_ce2: 0.149789, loss_dice2: 0.572551
iteration 144 : loss : 0.453395, loss_ce1: 0.164929, loss_dice1: 0.418089, loss_ce2: 0.215483, loss_dice2: 0.524162
iteration 145 : loss : 0.428998, loss_ce1: 0.206770, loss_dice1: 0.419403, loss_ce2: 0.209533, loss_dice2: 0.475950
iteration 146 : loss : 0.577620, loss_ce1: 0.215952, loss_dice1: 0.564498, loss_ce2: 0.280798, loss_dice2: 0.645686
iteration 147 : loss : 0.537255, loss_ce1: 0.228142, loss_dice1: 0.554693, loss_ce2: 0.215316, loss_dice2: 0.584155
iteration 148 : loss : 0.419028, loss_ce1: 0.151700, loss_dice1: 0.343536, loss_ce2: 0.203651, loss_dice2: 0.512196
iteration 149 : loss : 0.592148, loss_ce1: 0.173214, loss_dice1: 0.617182, loss_ce2: 0.206674, loss_dice2: 0.649138
iteration 150 : loss : 0.382446, loss_ce1: 0.064929, loss_dice1: 0.367247, loss_ce2: 0.075592, loss_dice2: 0.449766
iteration 151 : loss : 0.537318, loss_ce1: 0.130749, loss_dice1: 0.526431, loss_ce2: 0.177548, loss_dice2: 0.614190
iteration 152 : loss : 0.356951, loss_ce1: 0.162170, loss_dice1: 0.326958, loss_ce2: 0.203676, loss_dice2: 0.407966
iteration 153 : loss : 0.381326, loss_ce1: 0.216531, loss_dice1: 0.345288, loss_ce2: 0.266886, loss_dice2: 0.429813
iteration 154 : loss : 0.369851, loss_ce1: 0.062499, loss_dice1: 0.358149, loss_ce2: 0.079827, loss_dice2: 0.432255
iteration 155 : loss : 0.514623, loss_ce1: 0.212272, loss_dice1: 0.521905, loss_ce2: 0.243761, loss_dice2: 0.562037
iteration 156 : loss : 0.438039, loss_ce1: 0.178744, loss_dice1: 0.424147, loss_ce2: 0.283108, loss_dice2: 0.483360
iteration 157 : loss : 0.527845, loss_ce1: 0.159218, loss_dice1: 0.525081, loss_ce2: 0.204893, loss_dice2: 0.592506
iteration 158 : loss : 0.432358, loss_ce1: 0.170574, loss_dice1: 0.417823, loss_ce2: 0.189964, loss_dice2: 0.488002
iteration 159 : loss : 0.415519, loss_ce1: 0.111413, loss_dice1: 0.384150, loss_ce2: 0.142055, loss_dice2: 0.488789
iteration 160 : loss : 0.367507, loss_ce1: 0.182905, loss_dice1: 0.341169, loss_ce2: 0.190474, loss_dice2: 0.418013
iteration 161 : loss : 0.358602, loss_ce1: 0.115944, loss_dice1: 0.321561, loss_ce2: 0.111788, loss_dice2: 0.428150
iteration 162 : loss : 0.398118, loss_ce1: 0.151803, loss_dice1: 0.414580, loss_ce2: 0.139082, loss_dice2: 0.434079
iteration 163 : loss : 0.354937, loss_ce1: 0.145932, loss_dice1: 0.383597, loss_ce2: 0.130014, loss_dice2: 0.376350
iteration 164 : loss : 0.491027, loss_ce1: 0.055153, loss_dice1: 0.509434, loss_ce2: 0.066292, loss_dice2: 0.557981
iteration 165 : loss : 0.420471, loss_ce1: 0.152184, loss_dice1: 0.412320, loss_ce2: 0.146804, loss_dice2: 0.475863
iteration 166 : loss : 0.616697, loss_ce1: 0.595679, loss_dice1: 0.598412, loss_ce2: 0.616744, loss_dice2: 0.630262
iteration 167 : loss : 0.410309, loss_ce1: 0.168089, loss_dice1: 0.400156, loss_ce2: 0.204034, loss_dice2: 0.457625
iteration 168 : loss : 0.481429, loss_ce1: 0.135580, loss_dice1: 0.544514, loss_ce2: 0.174420, loss_dice2: 0.499313
iteration 169 : loss : 0.482553, loss_ce1: 0.322807, loss_dice1: 0.440233, loss_ce2: 0.374893, loss_dice2: 0.534051
iteration 170 : loss : 0.483489, loss_ce1: 0.203419, loss_dice1: 0.489618, loss_ce2: 0.345617, loss_dice2: 0.515255
iteration 171 : loss : 0.357266, loss_ce1: 0.059265, loss_dice1: 0.344179, loss_ce2: 0.079949, loss_dice2: 0.418485
iteration 172 : loss : 0.307555, loss_ce1: 0.052112, loss_dice1: 0.275936, loss_ce2: 0.107088, loss_dice2: 0.369321
iteration 173 : loss : 0.352235, loss_ce1: 0.086962, loss_dice1: 0.367706, loss_ce2: 0.108493, loss_dice2: 0.388535
iteration 174 : loss : 0.385241, loss_ce1: 0.114402, loss_dice1: 0.376261, loss_ce2: 0.165206, loss_dice2: 0.435407
iteration 175 : loss : 0.328123, loss_ce1: 0.126036, loss_dice1: 0.306445, loss_ce2: 0.165470, loss_dice2: 0.375242
iteration 176 : loss : 0.313267, loss_ce1: 0.036828, loss_dice1: 0.319909, loss_ce2: 0.047109, loss_dice2: 0.358685
iteration 177 : loss : 0.433449, loss_ce1: 0.146640, loss_dice1: 0.452263, loss_ce2: 0.186434, loss_dice2: 0.469486
iteration 178 : loss : 0.354146, loss_ce1: 0.106886, loss_dice1: 0.356924, loss_ce2: 0.113559, loss_dice2: 0.397132
iteration 179 : loss : 0.529643, loss_ce1: 0.303718, loss_dice1: 0.511625, loss_ce2: 0.425486, loss_dice2: 0.569596
iteration 180 : loss : 0.371165, loss_ce1: 0.066291, loss_dice1: 0.348356, loss_ce2: 0.089227, loss_dice2: 0.439799
iteration 181 : loss : 0.495910, loss_ce1: 0.254714, loss_dice1: 0.475362, loss_ce2: 0.620012, loss_dice2: 0.513284
iteration 182 : loss : 0.437226, loss_ce1: 0.120936, loss_dice1: 0.453411, loss_ce2: 0.090328, loss_dice2: 0.488248
iteration 183 : loss : 0.375251, loss_ce1: 0.173920, loss_dice1: 0.351870, loss_ce2: 0.208992, loss_dice2: 0.423836
iteration 184 : loss : 0.477296, loss_ce1: 0.133878, loss_dice1: 0.428678, loss_ce2: 0.295725, loss_dice2: 0.554585
iteration 185 : loss : 0.351329, loss_ce1: 0.088741, loss_dice1: 0.294063, loss_ce2: 0.127715, loss_dice2: 0.433070
iteration 186 : loss : 0.328070, loss_ce1: 0.079573, loss_dice1: 0.302419, loss_ce2: 0.109143, loss_dice2: 0.387451
iteration 187 : loss : 0.363692, loss_ce1: 0.065629, loss_dice1: 0.354482, loss_ce2: 0.098320, loss_dice2: 0.421036
iteration 188 : loss : 0.420024, loss_ce1: 0.124914, loss_dice1: 0.399238, loss_ce2: 0.193550, loss_dice2: 0.480450
iteration 189 : loss : 0.497005, loss_ce1: 0.074935, loss_dice1: 0.534119, loss_ce2: 0.120852, loss_dice2: 0.545239
iteration 190 : loss : 0.413167, loss_ce1: 0.281667, loss_dice1: 0.366980, loss_ce2: 0.449512, loss_dice2: 0.449144
iteration 191 : loss : 0.361941, loss_ce1: 0.217876, loss_dice1: 0.339605, loss_ce2: 0.224020, loss_dice2: 0.402503
iteration 192 : loss : 0.357986, loss_ce1: 0.147702, loss_dice1: 0.380089, loss_ce2: 0.142246, loss_dice2: 0.382787
iteration 193 : loss : 0.359195, loss_ce1: 0.177812, loss_dice1: 0.346610, loss_ce2: 0.181743, loss_dice2: 0.400459
iteration 194 : loss : 0.346761, loss_ce1: 0.119326, loss_dice1: 0.299498, loss_ce2: 0.149053, loss_dice2: 0.416467
iteration 195 : loss : 0.287412, loss_ce1: 0.141317, loss_dice1: 0.225682, loss_ce2: 0.167779, loss_dice2: 0.352018
iteration 196 : loss : 0.338035, loss_ce1: 0.088223, loss_dice1: 0.333421, loss_ce2: 0.095648, loss_dice2: 0.386273
iteration 197 : loss : 0.422251, loss_ce1: 0.177984, loss_dice1: 0.389240, loss_ce2: 0.237376, loss_dice2: 0.482384
iteration 198 : loss : 0.317880, loss_ce1: 0.085289, loss_dice1: 0.304472, loss_ce2: 0.082113, loss_dice2: 0.369911
iteration 199 : loss : 0.359180, loss_ce1: 0.143622, loss_dice1: 0.363346, loss_ce2: 0.132121, loss_dice2: 0.397431
iteration 200 : loss : 0.378331, loss_ce1: 0.111318, loss_dice1: 0.371604, loss_ce2: 0.135541, loss_dice2: 0.429263
iteration 201 : loss : 0.490407, loss_ce1: 0.111600, loss_dice1: 0.531370, loss_ce2: 0.106148, loss_dice2: 0.533843
iteration 202 : loss : 0.464957, loss_ce1: 0.094977, loss_dice1: 0.464452, loss_ce2: 0.127336, loss_dice2: 0.529860
iteration 203 : loss : 0.347543, loss_ce1: 0.080112, loss_dice1: 0.327361, loss_ce2: 0.126362, loss_dice2: 0.404958
iteration 204 : loss : 0.535854, loss_ce1: 0.585155, loss_dice1: 0.506668, loss_ce2: 0.451505, loss_dice2: 0.560830
iteration 205 : loss : 0.492265, loss_ce1: 0.128987, loss_dice1: 0.524840, loss_ce2: 0.101211, loss_dice2: 0.540842
iteration 206 : loss : 0.376138, loss_ce1: 0.089004, loss_dice1: 0.379550, loss_ce2: 0.102925, loss_dice2: 0.425247
iteration 207 : loss : 0.366571, loss_ce1: 0.077400, loss_dice1: 0.343311, loss_ce2: 0.101718, loss_dice2: 0.432456
iteration 208 : loss : 0.385966, loss_ce1: 0.071374, loss_dice1: 0.381570, loss_ce2: 0.097682, loss_dice2: 0.443897
iteration 209 : loss : 0.418946, loss_ce1: 0.083369, loss_dice1: 0.418808, loss_ce2: 0.107421, loss_dice2: 0.478191
iteration 210 : loss : 0.460376, loss_ce1: 0.056989, loss_dice1: 0.497568, loss_ce2: 0.065563, loss_dice2: 0.509266
iteration 211 : loss : 0.515086, loss_ce1: 0.205657, loss_dice1: 0.526166, loss_ce2: 0.239569, loss_dice2: 0.561036
iteration 212 : loss : 0.384049, loss_ce1: 0.173659, loss_dice1: 0.390592, loss_ce2: 0.174533, loss_dice2: 0.418408
iteration 213 : loss : 0.412483, loss_ce1: 0.131584, loss_dice1: 0.392643, loss_ce2: 0.148199, loss_dice2: 0.475449
iteration 214 : loss : 0.400979, loss_ce1: 0.189134, loss_dice1: 0.393429, loss_ce2: 0.242328, loss_dice2: 0.439068
iteration 215 : loss : 0.297944, loss_ce1: 0.074871, loss_dice1: 0.288196, loss_ce2: 0.076271, loss_dice2: 0.345304
iteration 216 : loss : 0.418162, loss_ce1: 0.096288, loss_dice1: 0.434946, loss_ce2: 0.112509, loss_dice2: 0.464616
iteration 217 : loss : 0.532954, loss_ce1: 0.072812, loss_dice1: 0.550133, loss_ce2: 0.108219, loss_dice2: 0.602491
iteration 218 : loss : 0.363678, loss_ce1: 0.164378, loss_dice1: 0.355463, loss_ce2: 0.172139, loss_dice2: 0.404941
iteration 219 : loss : 0.342644, loss_ce1: 0.072167, loss_dice1: 0.299886, loss_ce2: 0.134304, loss_dice2: 0.413716
iteration 220 : loss : 0.373237, loss_ce1: 0.156053, loss_dice1: 0.378719, loss_ce2: 0.186200, loss_dice2: 0.406294
iteration 221 : loss : 0.314205, loss_ce1: 0.122138, loss_dice1: 0.309524, loss_ce2: 0.162943, loss_dice2: 0.348139
iteration 222 : loss : 0.610883, loss_ce1: 0.072740, loss_dice1: 0.650386, loss_ce2: 0.084453, loss_dice2: 0.682731
iteration 223 : loss : 0.380307, loss_ce1: 0.121235, loss_dice1: 0.344732, loss_ce2: 0.199966, loss_dice2: 0.442706
iteration 224 : loss : 0.409058, loss_ce1: 0.199473, loss_dice1: 0.427377, loss_ce2: 0.258901, loss_dice2: 0.429012
iteration 225 : loss : 0.375113, loss_ce1: 0.098902, loss_dice1: 0.391660, loss_ce2: 0.129123, loss_dice2: 0.411753
iteration 226 : loss : 0.342824, loss_ce1: 0.065819, loss_dice1: 0.353972, loss_ce2: 0.061237, loss_dice2: 0.387032
iteration 227 : loss : 0.317369, loss_ce1: 0.089244, loss_dice1: 0.297421, loss_ce2: 0.087173, loss_dice2: 0.372758
iteration 228 : loss : 0.416333, loss_ce1: 0.221024, loss_dice1: 0.371162, loss_ce2: 0.236304, loss_dice2: 0.480350
iteration 229 : loss : 0.414898, loss_ce1: 0.170907, loss_dice1: 0.390553, loss_ce2: 0.207352, loss_dice2: 0.471824
iteration 230 : loss : 0.325019, loss_ce1: 0.156671, loss_dice1: 0.302702, loss_ce2: 0.161023, loss_dice2: 0.370241
iteration 231 : loss : 0.415607, loss_ce1: 0.260812, loss_dice1: 0.387561, loss_ce2: 0.296434, loss_dice2: 0.458627
iteration 232 : loss : 0.408242, loss_ce1: 0.219404, loss_dice1: 0.404087, loss_ce2: 0.269997, loss_dice2: 0.440148
iteration 233 : loss : 0.333585, loss_ce1: 0.213675, loss_dice1: 0.302456, loss_ce2: 0.238924, loss_dice2: 0.373359
iteration 234 : loss : 0.510529, loss_ce1: 0.064947, loss_dice1: 0.517378, loss_ce2: 0.091548, loss_dice2: 0.585160
iteration 235 : loss : 0.364574, loss_ce1: 0.043348, loss_dice1: 0.363121, loss_ce2: 0.062789, loss_dice2: 0.422554
iteration 236 : loss : 0.538403, loss_ce1: 0.392517, loss_dice1: 0.532019, loss_ce2: 0.305077, loss_dice2: 0.579198
iteration 237 : loss : 0.469345, loss_ce1: 0.225132, loss_dice1: 0.474145, loss_ce2: 0.206298, loss_dice2: 0.513272
iteration 238 : loss : 0.363193, loss_ce1: 0.223191, loss_dice1: 0.378543, loss_ce2: 0.214431, loss_dice2: 0.379857
iteration 239 : loss : 0.393494, loss_ce1: 0.154512, loss_dice1: 0.352382, loss_ce2: 0.204751, loss_dice2: 0.459000
iteration 240 : loss : 0.518636, loss_ce1: 0.129222, loss_dice1: 0.551537, loss_ce2: 0.129338, loss_dice2: 0.568715
iteration 241 : loss : 0.421180, loss_ce1: 0.104617, loss_dice1: 0.429804, loss_ce2: 0.102239, loss_dice2: 0.474092
iteration 242 : loss : 0.389257, loss_ce1: 0.079884, loss_dice1: 0.408246, loss_ce2: 0.095169, loss_dice2: 0.432060
iteration 243 : loss : 0.415346, loss_ce1: 0.128729, loss_dice1: 0.423225, loss_ce2: 0.196771, loss_dice2: 0.455406
iteration 244 : loss : 0.357078, loss_ce1: 0.054893, loss_dice1: 0.375506, loss_ce2: 0.090688, loss_dice2: 0.396646
iteration 245 : loss : 0.310839, loss_ce1: 0.093091, loss_dice1: 0.314653, loss_ce2: 0.124551, loss_dice2: 0.344952
iteration 246 : loss : 0.478617, loss_ce1: 0.260890, loss_dice1: 0.457155, loss_ce2: 0.403425, loss_dice2: 0.517020
iteration 247 : loss : 0.306914, loss_ce1: 0.093119, loss_dice1: 0.318559, loss_ce2: 0.115494, loss_dice2: 0.336154
iteration 248 : loss : 0.362023, loss_ce1: 0.168312, loss_dice1: 0.344289, loss_ce2: 0.230692, loss_dice2: 0.402453
iteration 249 : loss : 0.335608, loss_ce1: 0.094051, loss_dice1: 0.318694, loss_ce2: 0.158910, loss_dice2: 0.384039
iteration 250 : loss : 0.366584, loss_ce1: 0.140475, loss_dice1: 0.375834, loss_ce2: 0.157295, loss_dice2: 0.400285
iteration 251 : loss : 0.324150, loss_ce1: 0.099696, loss_dice1: 0.349520, loss_ce2: 0.092260, loss_dice2: 0.349632
iteration 252 : loss : 0.293656, loss_ce1: 0.083620, loss_dice1: 0.300414, loss_ce2: 0.094886, loss_dice2: 0.326653
iteration 253 : loss : 0.345298, loss_ce1: 0.196276, loss_dice1: 0.341739, loss_ce2: 0.195317, loss_dice2: 0.375203
iteration 254 : loss : 0.376477, loss_ce1: 0.156259, loss_dice1: 0.374534, loss_ce2: 0.193186, loss_dice2: 0.414226
iteration 255 : loss : 0.443905, loss_ce1: 0.162135, loss_dice1: 0.422189, loss_ce2: 0.212330, loss_dice2: 0.504535
iteration 256 : loss : 0.381392, loss_ce1: 0.108471, loss_dice1: 0.349181, loss_ce2: 0.147750, loss_dice2: 0.448511
iteration 257 : loss : 0.331497, loss_ce1: 0.072779, loss_dice1: 0.328842, loss_ce2: 0.084366, loss_dice2: 0.379624
iteration 258 : loss : 0.418118, loss_ce1: 0.266631, loss_dice1: 0.394143, loss_ce2: 0.291757, loss_dice2: 0.459016
iteration 259 : loss : 0.328082, loss_ce1: 0.093303, loss_dice1: 0.314847, loss_ce2: 0.108014, loss_dice2: 0.378415
iteration 260 : loss : 0.559537, loss_ce1: 0.263061, loss_dice1: 0.589265, loss_ce2: 0.220884, loss_dice2: 0.599281
iteration 261 : loss : 0.382072, loss_ce1: 0.147401, loss_dice1: 0.378068, loss_ce2: 0.148122, loss_dice2: 0.427862
iteration 262 : loss : 0.394078, loss_ce1: 0.253132, loss_dice1: 0.390238, loss_ce2: 0.262286, loss_dice2: 0.421556
iteration 263 : loss : 0.315901, loss_ce1: 0.097800, loss_dice1: 0.313577, loss_ce2: 0.124503, loss_dice2: 0.354647
iteration 264 : loss : 0.436170, loss_ce1: 0.190619, loss_dice1: 0.447622, loss_ce2: 0.205094, loss_dice2: 0.472266
iteration 265 : loss : 0.301747, loss_ce1: 0.101560, loss_dice1: 0.324891, loss_ce2: 0.090358, loss_dice2: 0.324642
iteration 266 : loss : 0.357409, loss_ce1: 0.130063, loss_dice1: 0.359204, loss_ce2: 0.130529, loss_dice2: 0.398062
iteration 267 : loss : 0.366087, loss_ce1: 0.076388, loss_dice1: 0.389104, loss_ce2: 0.067900, loss_dice2: 0.405255
iteration 268 : loss : 0.374209, loss_ce1: 0.075130, loss_dice1: 0.400311, loss_ce2: 0.062251, loss_dice2: 0.413563
iteration 269 : loss : 0.360033, loss_ce1: 0.091198, loss_dice1: 0.362247, loss_ce2: 0.109337, loss_dice2: 0.406091
iteration 270 : loss : 0.468666, loss_ce1: 0.209004, loss_dice1: 0.439874, loss_ce2: 0.290656, loss_dice2: 0.526385
iteration 271 : loss : 0.358560, loss_ce1: 0.067273, loss_dice1: 0.369395, loss_ce2: 0.094768, loss_dice2: 0.402040
iteration 272 : loss : 0.396011, loss_ce1: 0.119197, loss_dice1: 0.418365, loss_ce2: 0.137634, loss_dice2: 0.430251
iteration 273 : loss : 0.318344, loss_ce1: 0.071008, loss_dice1: 0.316022, loss_ce2: 0.083021, loss_dice2: 0.364107
iteration 274 : loss : 0.408184, loss_ce1: 0.200212, loss_dice1: 0.421264, loss_ce2: 0.228193, loss_dice2: 0.434784
iteration 275 : loss : 0.401639, loss_ce1: 0.064230, loss_dice1: 0.428579, loss_ce2: 0.079900, loss_dice2: 0.444331
iteration 276 : loss : 0.521171, loss_ce1: 0.247428, loss_dice1: 0.517024, loss_ce2: 0.474350, loss_dice2: 0.549121
iteration 277 : loss : 0.323151, loss_ce1: 0.047185, loss_dice1: 0.301776, loss_ce2: 0.103968, loss_dice2: 0.381755
iteration 278 : loss : 0.796801, loss_ce1: 0.007885, loss_dice1: 0.888838, loss_ce2: 0.043195, loss_dice2: 0.877652
iteration 279 : loss : 0.466662, loss_ce1: 0.067299, loss_dice1: 0.491450, loss_ce2: 0.105552, loss_dice2: 0.519512
iteration 280 : loss : 0.272587, loss_ce1: 0.065008, loss_dice1: 0.300484, loss_ce2: 0.071552, loss_dice2: 0.291784
iteration 281 : loss : 0.261780, loss_ce1: 0.041096, loss_dice1: 0.263133, loss_ce2: 0.065354, loss_dice2: 0.298660
iteration 282 : loss : 0.235748, loss_ce1: 0.024174, loss_dice1: 0.239962, loss_ce2: 0.030465, loss_dice2: 0.271095
iteration 283 : loss : 0.370724, loss_ce1: 0.202735, loss_dice1: 0.377785, loss_ce2: 0.263636, loss_dice2: 0.390163
iteration 284 : loss : 0.250582, loss_ce1: 0.082220, loss_dice1: 0.220076, loss_ce2: 0.161038, loss_dice2: 0.292511
iteration 285 : loss : 0.339808, loss_ce1: 0.089250, loss_dice1: 0.353442, loss_ce2: 0.092698, loss_dice2: 0.376495
iteration 286 : loss : 0.370320, loss_ce1: 0.165661, loss_dice1: 0.382003, loss_ce2: 0.207173, loss_dice2: 0.395633
iteration 287 : loss : 0.282470, loss_ce1: 0.072340, loss_dice1: 0.258871, loss_ce2: 0.089067, loss_dice2: 0.334465
iteration 288 : loss : 0.487809, loss_ce1: 0.076800, loss_dice1: 0.523946, loss_ce2: 0.109343, loss_dice2: 0.536055
iteration 289 : loss : 0.460690, loss_ce1: 0.048981, loss_dice1: 0.485439, loss_ce2: 0.079454, loss_dice2: 0.516694
iteration 290 : loss : 0.404612, loss_ce1: 0.233014, loss_dice1: 0.394189, loss_ce2: 0.483339, loss_dice2: 0.415027
iteration 291 : loss : 0.254575, loss_ce1: 0.082908, loss_dice1: 0.257779, loss_ce2: 0.120291, loss_dice2: 0.279808
iteration 292 : loss : 0.406442, loss_ce1: 0.102865, loss_dice1: 0.422158, loss_ce2: 0.129916, loss_dice2: 0.448873
iteration 293 : loss : 0.361995, loss_ce1: 0.104916, loss_dice1: 0.391053, loss_ce2: 0.108240, loss_dice2: 0.389869
iteration 294 : loss : 0.283160, loss_ce1: 0.118558, loss_dice1: 0.288422, loss_ce2: 0.143845, loss_dice2: 0.307105
iteration 295 : loss : 0.507841, loss_ce1: 0.143314, loss_dice1: 0.527590, loss_ce2: 0.166712, loss_dice2: 0.559231
iteration 296 : loss : 0.443823, loss_ce1: 0.097070, loss_dice1: 0.457186, loss_ce2: 0.102932, loss_dice2: 0.498053
iteration 297 : loss : 0.342331, loss_ce1: 0.046282, loss_dice1: 0.379234, loss_ce2: 0.060290, loss_dice2: 0.371064
iteration 298 : loss : 0.353535, loss_ce1: 0.084101, loss_dice1: 0.382272, loss_ce2: 0.117734, loss_dice2: 0.380514
iteration 299 : loss : 0.319031, loss_ce1: 0.223746, loss_dice1: 0.311027, loss_ce2: 0.215136, loss_dice2: 0.342655
iteration 300 : loss : 0.286028, loss_ce1: 0.108095, loss_dice1: 0.272612, loss_ce2: 0.138194, loss_dice2: 0.324019
iteration 301 : loss : 0.398642, loss_ce1: 0.071594, loss_dice1: 0.426898, loss_ce2: 0.086530, loss_dice2: 0.438573
iteration 302 : loss : 0.396797, loss_ce1: 0.066983, loss_dice1: 0.430233, loss_ce2: 0.074799, loss_dice2: 0.434660
iteration 303 : loss : 0.303755, loss_ce1: 0.048275, loss_dice1: 0.326676, loss_ce2: 0.054119, loss_dice2: 0.335044
iteration 304 : loss : 0.353297, loss_ce1: 0.118832, loss_dice1: 0.354011, loss_ce2: 0.192792, loss_dice2: 0.387596
iteration 305 : loss : 0.418036, loss_ce1: 0.169017, loss_dice1: 0.452031, loss_ce2: 0.214259, loss_dice2: 0.436568
iteration 306 : loss : 0.387598, loss_ce1: 0.166416, loss_dice1: 0.437257, loss_ce2: 0.133296, loss_dice2: 0.399555
iteration 307 : loss : 0.321271, loss_ce1: 0.165212, loss_dice1: 0.322824, loss_ce2: 0.137601, loss_dice2: 0.351937
iteration 308 : loss : 0.456061, loss_ce1: 0.222879, loss_dice1: 0.476702, loss_ce2: 0.197611, loss_dice2: 0.488201
iteration 309 : loss : 0.524278, loss_ce1: 0.292356, loss_dice1: 0.537588, loss_ce2: 0.301414, loss_dice2: 0.557137
iteration 310 : loss : 0.393650, loss_ce1: 0.195063, loss_dice1: 0.371068, loss_ce2: 0.213621, loss_dice2: 0.442666
iteration 311 : loss : 0.506144, loss_ce1: 0.058483, loss_dice1: 0.510268, loss_ce2: 0.076060, loss_dice2: 0.583573
iteration 312 : loss : 0.443371, loss_ce1: 0.108286, loss_dice1: 0.453767, loss_ce2: 0.127760, loss_dice2: 0.495877
iteration 313 : loss : 0.391829, loss_ce1: 0.137211, loss_dice1: 0.398343, loss_ce2: 0.164866, loss_dice2: 0.431197
iteration 314 : loss : 0.340385, loss_ce1: 0.055926, loss_dice1: 0.318314, loss_ce2: 0.063445, loss_dice2: 0.406036
iteration 315 : loss : 0.452262, loss_ce1: 0.109257, loss_dice1: 0.470744, loss_ce2: 0.130586, loss_dice2: 0.500759
iteration 316 : loss : 0.361541, loss_ce1: 0.098936, loss_dice1: 0.328377, loss_ce2: 0.136581, loss_dice2: 0.427048
iteration 317 : loss : 0.264706, loss_ce1: 0.131148, loss_dice1: 0.265355, loss_ce2: 0.153851, loss_dice2: 0.286244
iteration 318 : loss : 0.351529, loss_ce1: 0.058453, loss_dice1: 0.361903, loss_ce2: 0.059074, loss_dice2: 0.398443
iteration 319 : loss : 0.238182, loss_ce1: 0.106602, loss_dice1: 0.213158, loss_ce2: 0.159799, loss_dice2: 0.272652
iteration 320 : loss : 0.453767, loss_ce1: 0.078036, loss_dice1: 0.484216, loss_ce2: 0.097457, loss_dice2: 0.500698
iteration 321 : loss : 0.359767, loss_ce1: 0.084828, loss_dice1: 0.336696, loss_ce2: 0.126904, loss_dice2: 0.420484
iteration 322 : loss : 0.204807, loss_ce1: 0.045087, loss_dice1: 0.196384, loss_ce2: 0.063352, loss_dice2: 0.237529
iteration 323 : loss : 0.289094, loss_ce1: 0.055339, loss_dice1: 0.308376, loss_ce2: 0.068862, loss_dice2: 0.317912
iteration 324 : loss : 0.465330, loss_ce1: 0.044165, loss_dice1: 0.531313, loss_ce2: 0.044730, loss_dice2: 0.499595
iteration 325 : loss : 0.307070, loss_ce1: 0.511924, loss_dice1: 0.300774, loss_ce2: 0.384008, loss_dice2: 0.287822
iteration 326 : loss : 0.356213, loss_ce1: 0.185174, loss_dice1: 0.381168, loss_ce2: 0.195065, loss_dice2: 0.370251
iteration 327 : loss : 0.339257, loss_ce1: 0.112348, loss_dice1: 0.362548, loss_ce2: 0.108772, loss_dice2: 0.366115
iteration 328 : loss : 0.391932, loss_ce1: 0.067535, loss_dice1: 0.416352, loss_ce2: 0.092872, loss_dice2: 0.432714
iteration 329 : loss : 0.496588, loss_ce1: 0.111941, loss_dice1: 0.516036, loss_ce2: 0.139875, loss_dice2: 0.551358
iteration 330 : loss : 0.213525, loss_ce1: 0.054081, loss_dice1: 0.210153, loss_ce2: 0.079984, loss_dice2: 0.242065
iteration 331 : loss : 0.277530, loss_ce1: 0.025973, loss_dice1: 0.292093, loss_ce2: 0.037806, loss_dice2: 0.312865
iteration 332 : loss : 0.348735, loss_ce1: 0.060940, loss_dice1: 0.363146, loss_ce2: 0.066826, loss_dice2: 0.391474
iteration 333 : loss : 0.316329, loss_ce1: 0.140623, loss_dice1: 0.332004, loss_ce2: 0.145325, loss_dice2: 0.337831
iteration 334 : loss : 0.256795, loss_ce1: 0.050552, loss_dice1: 0.265813, loss_ce2: 0.058685, loss_dice2: 0.287838
iteration 335 : loss : 0.240346, loss_ce1: 0.069997, loss_dice1: 0.244673, loss_ce2: 0.067006, loss_dice2: 0.269093
iteration 336 : loss : 0.454923, loss_ce1: 0.117735, loss_dice1: 0.491033, loss_ce2: 0.132259, loss_dice2: 0.491655
iteration 337 : loss : 0.296968, loss_ce1: 0.110791, loss_dice1: 0.337260, loss_ce2: 0.092883, loss_dice2: 0.306904
iteration 338 : loss : 0.392271, loss_ce1: 0.062268, loss_dice1: 0.434300, loss_ce2: 0.061433, loss_dice2: 0.425546
iteration 339 : loss : 0.327292, loss_ce1: 0.094758, loss_dice1: 0.345394, loss_ce2: 0.087266, loss_dice2: 0.358988
iteration 340 : loss : 0.404874, loss_ce1: 0.192003, loss_dice1: 0.381924, loss_ce2: 0.327408, loss_dice2: 0.443764
iteration 341 : loss : 0.569631, loss_ce1: 0.186887, loss_dice1: 0.574824, loss_ce2: 0.288588, loss_dice2: 0.625117
iteration 342 : loss : 0.303588, loss_ce1: 0.103166, loss_dice1: 0.287149, loss_ce2: 0.138878, loss_dice2: 0.347042
iteration 343 : loss : 0.383761, loss_ce1: 0.194258, loss_dice1: 0.388069, loss_ce2: 0.229762, loss_dice2: 0.411756
iteration 344 : loss : 0.287257, loss_ce1: 0.099832, loss_dice1: 0.294652, loss_ce2: 0.107376, loss_dice2: 0.315971
iteration 345 : loss : 0.255363, loss_ce1: 0.125739, loss_dice1: 0.265031, loss_ce2: 0.120324, loss_dice2: 0.273444
iteration 346 : loss : 0.354054, loss_ce1: 0.132191, loss_dice1: 0.366459, loss_ce2: 0.150450, loss_dice2: 0.384635
iteration 347 : loss : 0.498392, loss_ce1: 0.087996, loss_dice1: 0.520016, loss_ce2: 0.107989, loss_dice2: 0.557349
iteration 348 : loss : 0.315523, loss_ce1: 0.133541, loss_dice1: 0.318447, loss_ce2: 0.138648, loss_dice2: 0.346415
iteration 349 : loss : 0.552787, loss_ce1: 0.206839, loss_dice1: 0.599749, loss_ce2: 0.178796, loss_dice2: 0.588802
iteration 350 : loss : 0.319474, loss_ce1: 0.149760, loss_dice1: 0.307509, loss_ce2: 0.182841, loss_dice2: 0.354684
iteration 351 : loss : 0.250178, loss_ce1: 0.095539, loss_dice1: 0.243474, loss_ce2: 0.109005, loss_dice2: 0.281386
iteration 352 : loss : 0.216717, loss_ce1: 0.108050, loss_dice1: 0.221753, loss_ce2: 0.127431, loss_dice2: 0.231211
iteration 353 : loss : 0.303206, loss_ce1: 0.108067, loss_dice1: 0.310376, loss_ce2: 0.120053, loss_dice2: 0.332986
iteration 354 : loss : 0.479132, loss_ce1: 0.064129, loss_dice1: 0.512297, loss_ce2: 0.082391, loss_dice2: 0.531627
iteration 355 : loss : 0.333515, loss_ce1: 0.113707, loss_dice1: 0.335283, loss_ce2: 0.131594, loss_dice2: 0.370672
iteration 356 : loss : 0.319271, loss_ce1: 0.082036, loss_dice1: 0.310039, loss_ce2: 0.110107, loss_dice2: 0.365639
iteration 357 : loss : 0.232144, loss_ce1: 0.085931, loss_dice1: 0.233863, loss_ce2: 0.099227, loss_dice2: 0.256353
iteration 358 : loss : 0.357169, loss_ce1: 0.114757, loss_dice1: 0.372764, loss_ce2: 0.172916, loss_dice2: 0.385010
iteration 359 : loss : 0.320201, loss_ce1: 0.077656, loss_dice1: 0.341381, loss_ce2: 0.086360, loss_dice2: 0.349933
iteration 360 : loss : 0.256385, loss_ce1: 0.058332, loss_dice1: 0.284805, loss_ce2: 0.056042, loss_dice2: 0.274476
iteration 361 : loss : 0.280646, loss_ce1: 0.072059, loss_dice1: 0.281055, loss_ce2: 0.087722, loss_dice2: 0.316876
iteration 362 : loss : 0.259008, loss_ce1: 0.043164, loss_dice1: 0.277387, loss_ce2: 0.055623, loss_dice2: 0.285249
iteration 363 : loss : 0.349253, loss_ce1: 0.182012, loss_dice1: 0.376823, loss_ce2: 0.200851, loss_dice2: 0.359902
iteration 364 : loss : 0.199972, loss_ce1: 0.090006, loss_dice1: 0.177881, loss_ce2: 0.139899, loss_dice2: 0.228942
iteration 365 : loss : 0.291165, loss_ce1: 0.097943, loss_dice1: 0.295601, loss_ce2: 0.140665, loss_dice2: 0.318957
iteration 366 : loss : 0.319386, loss_ce1: 0.091070, loss_dice1: 0.316936, loss_ce2: 0.147085, loss_dice2: 0.356607
iteration 367 : loss : 0.265387, loss_ce1: 0.082766, loss_dice1: 0.268925, loss_ce2: 0.104612, loss_dice2: 0.294138
iteration 368 : loss : 0.338512, loss_ce1: 0.111287, loss_dice1: 0.342879, loss_ce2: 0.155119, loss_dice2: 0.372458
iteration 369 : loss : 0.316655, loss_ce1: 0.139979, loss_dice1: 0.327089, loss_ce2: 0.141668, loss_dice2: 0.342074
iteration 370 : loss : 0.288798, loss_ce1: 0.121528, loss_dice1: 0.315197, loss_ce2: 0.113616, loss_dice2: 0.303186
iteration 371 : loss : 0.265630, loss_ce1: 0.076606, loss_dice1: 0.275303, loss_ce2: 0.076478, loss_dice2: 0.294010
iteration 372 : loss : 0.404672, loss_ce1: 0.056648, loss_dice1: 0.445356, loss_ce2: 0.057391, loss_dice2: 0.441949
iteration 373 : loss : 0.343333, loss_ce1: 0.095034, loss_dice1: 0.360394, loss_ce2: 0.094273, loss_dice2: 0.377847
iteration 374 : loss : 0.230778, loss_ce1: 0.070578, loss_dice1: 0.229581, loss_ce2: 0.066285, loss_dice2: 0.261399
iteration 375 : loss : 0.397219, loss_ce1: 0.113812, loss_dice1: 0.422105, loss_ce2: 0.109949, loss_dice2: 0.433429
iteration 376 : loss : 0.265136, loss_ce1: 0.069611, loss_dice1: 0.274100, loss_ce2: 0.064912, loss_dice2: 0.295674
iteration 377 : loss : 0.435082, loss_ce1: 0.035478, loss_dice1: 0.458318, loss_ce2: 0.045529, loss_dice2: 0.492118
iteration 378 : loss : 0.276269, loss_ce1: 0.046245, loss_dice1: 0.299137, loss_ce2: 0.051423, loss_dice2: 0.303000
iteration 379 : loss : 0.461128, loss_ce1: 0.099296, loss_dice1: 0.494875, loss_ce2: 0.099663, loss_dice2: 0.505486
iteration 380 : loss : 0.307883, loss_ce1: 0.081067, loss_dice1: 0.310426, loss_ce2: 0.108118, loss_dice2: 0.344802
iteration 381 : loss : 0.281450, loss_ce1: 0.064211, loss_dice1: 0.296914, loss_ce2: 0.072415, loss_dice2: 0.310313
iteration 382 : loss : 0.259394, loss_ce1: 0.072594, loss_dice1: 0.270865, loss_ce2: 0.081889, loss_dice2: 0.285151
iteration 383 : loss : 0.227456, loss_ce1: 0.061459, loss_dice1: 0.237618, loss_ce2: 0.066201, loss_dice2: 0.250755
iteration 384 : loss : 0.415907, loss_ce1: 0.288224, loss_dice1: 0.412608, loss_ce2: 0.313433, loss_dice2: 0.438655
iteration 385 : loss : 0.259504, loss_ce1: 0.071614, loss_dice1: 0.256288, loss_ce2: 0.080682, loss_dice2: 0.295029
iteration 386 : loss : 0.225713, loss_ce1: 0.088249, loss_dice1: 0.216677, loss_ce2: 0.086759, loss_dice2: 0.256950
iteration 387 : loss : 0.324038, loss_ce1: 0.072238, loss_dice1: 0.329765, loss_ce2: 0.072084, loss_dice2: 0.366493
iteration 388 : loss : 0.237357, loss_ce1: 0.069999, loss_dice1: 0.253107, loss_ce2: 0.072788, loss_dice2: 0.257492
iteration 389 : loss : 0.150834, loss_ce1: 0.029853, loss_dice1: 0.140008, loss_ce2: 0.039156, loss_dice2: 0.179013
iteration 390 : loss : 0.254070, loss_ce1: 0.082690, loss_dice1: 0.260458, loss_ce2: 0.103092, loss_dice2: 0.279068
iteration 391 : loss : 0.255836, loss_ce1: 0.067491, loss_dice1: 0.259240, loss_ce2: 0.082139, loss_dice2: 0.286523
iteration 392 : loss : 0.272697, loss_ce1: 0.029829, loss_dice1: 0.292040, loss_ce2: 0.040914, loss_dice2: 0.303417
iteration 393 : loss : 0.343092, loss_ce1: 0.046037, loss_dice1: 0.361343, loss_ce2: 0.058856, loss_dice2: 0.384261
iteration 394 : loss : 0.286539, loss_ce1: 0.370812, loss_dice1: 0.278823, loss_ce2: 0.364031, loss_dice2: 0.276859
iteration 395 : loss : 0.212114, loss_ce1: 0.042916, loss_dice1: 0.192534, loss_ce2: 0.064645, loss_dice2: 0.253440
iteration 396 : loss : 0.381069, loss_ce1: 0.024881, loss_dice1: 0.407368, loss_ce2: 0.034432, loss_dice2: 0.428211
iteration 397 : loss : 0.284033, loss_ce1: 0.142681, loss_dice1: 0.313360, loss_ce2: 0.152618, loss_dice2: 0.289783
iteration 398 : loss : 0.310930, loss_ce1: 0.131496, loss_dice1: 0.324599, loss_ce2: 0.164632, loss_dice2: 0.331259
iteration 399 : loss : 0.479458, loss_ce1: 0.194965, loss_dice1: 0.513945, loss_ce2: 0.200015, loss_dice2: 0.508637
iteration 400 : loss : 0.286969, loss_ce1: 0.061864, loss_dice1: 0.297556, loss_ce2: 0.071935, loss_dice2: 0.320236
iteration 401 : loss : 0.263085, loss_ce1: 0.040528, loss_dice1: 0.270820, loss_ce2: 0.049802, loss_dice2: 0.297826
iteration 402 : loss : 0.307844, loss_ce1: 0.106544, loss_dice1: 0.337647, loss_ce2: 0.118341, loss_dice2: 0.324068
iteration 403 : loss : 0.252134, loss_ce1: 0.116087, loss_dice1: 0.241975, loss_ce2: 0.130068, loss_dice2: 0.282120
iteration 404 : loss : 0.193667, loss_ce1: 0.070676, loss_dice1: 0.168339, loss_ce2: 0.095635, loss_dice2: 0.229898
iteration 405 : loss : 0.284520, loss_ce1: 0.105579, loss_dice1: 0.278261, loss_ce2: 0.143231, loss_dice2: 0.317206
iteration 406 : loss : 0.258651, loss_ce1: 0.047817, loss_dice1: 0.275061, loss_ce2: 0.054400, loss_dice2: 0.285904
iteration 407 : loss : 0.268180, loss_ce1: 0.062804, loss_dice1: 0.260472, loss_ce2: 0.087467, loss_dice2: 0.308096
iteration 408 : loss : 0.297843, loss_ce1: 0.100004, loss_dice1: 0.308053, loss_ce2: 0.120969, loss_dice2: 0.325144
iteration 409 : loss : 0.260406, loss_ce1: 0.091411, loss_dice1: 0.265125, loss_ce2: 0.087831, loss_dice2: 0.288716
iteration 410 : loss : 0.269415, loss_ce1: 0.082019, loss_dice1: 0.259845, loss_ce2: 0.094580, loss_dice2: 0.308590
iteration 411 : loss : 0.321609, loss_ce1: 0.062557, loss_dice1: 0.337394, loss_ce2: 0.076870, loss_dice2: 0.357250
iteration 412 : loss : 0.444596, loss_ce1: 0.027734, loss_dice1: 0.483240, loss_ce2: 0.032344, loss_dice2: 0.495389
iteration 413 : loss : 0.176654, loss_ce1: 0.060877, loss_dice1: 0.173501, loss_ce2: 0.076293, loss_dice2: 0.198214
iteration 414 : loss : 0.261592, loss_ce1: 0.077680, loss_dice1: 0.265756, loss_ce2: 0.090307, loss_dice2: 0.291197
iteration 415 : loss : 0.275882, loss_ce1: 0.099270, loss_dice1: 0.290738, loss_ce2: 0.108068, loss_dice2: 0.297625
iteration 416 : loss : 0.289672, loss_ce1: 0.146601, loss_dice1: 0.285802, loss_ce2: 0.188001, loss_dice2: 0.313814
iteration 417 : loss : 0.733919, loss_ce1: 0.005261, loss_dice1: 0.824376, loss_ce2: 0.014098, loss_dice2: 0.807728
save model to ./output/Synapse_224_pretrain_vit_l_epo3_bs8_lr0.0026_s2345/epoch_2.pth
